<?xml version="1.0" encoding="UTF-8"?>
<testsuite xmlns:xsi="http://www.w3.org/2001/XMLSchema-instance" xsi:noNamespaceSchemaLocation="https://maven.apache.org/surefire/maven-surefire-plugin/xsd/surefire-test-report.xsd" version="3.0.2" name="div.m0anwar.task3.Task3ApplicationTests" time="8.285" tests="6" errors="0" skipped="0" failures="1">
  <properties>
[...]
</properties>
  <testcase name="testDeleteEmployee" classname="div.m0anwar.task3.Task3ApplicationTests" time="2.156">
    <system-out><![CDATA[01:47:03.916 [main] INFO org.springframework.test.context.support.AnnotationConfigContextLoaderUtils -- Could not detect default configuration classes for test class [div.m0anwar.task3.Task3ApplicationTests]: Task3ApplicationTests does not declare any static, non-private, non-final, nested classes annotated with @Configuration.
01:47:04.307 [main] INFO org.springframework.boot.test.context.SpringBootTestContextBootstrapper -- Found @SpringBootConfiguration div.m0anwar.task3.Task3Application for test class div.m0anwar.task3.Task3ApplicationTests

  .   ____          _            __ _ _
 /\\ / ___'_ __ _ _(_)_ __  __ _ \ \ \ \
( ( )\___ | '_ | '_| | '_ \/ _` | \ \ \ \
 \\/  ___)| |_)| | | | | || (_| |  ) ) ) )
  '  |____| .__|_| |_|_| |_\__, | / / / /
 =========|_|==============|___/=/_/_/_/

 :: Spring Boot ::                (v3.5.6)

2025-10-21T01:47:05.791+03:00  INFO 37658 --- [task3] [           main] d.m0anwar.task3.Task3ApplicationTests    : Starting Task3ApplicationTests using Java 21.0.8 with PID 37658 (started by mo-anwat in /mnt/par/college/semester_7/comp_415/Tasks/Task3/CS415-Task3)
2025-10-21T01:47:05.797+03:00  INFO 37658 --- [task3] [           main] d.m0anwar.task3.Task3ApplicationTests    : No active profile set, falling back to 1 default profile: "default"
2025-10-21T01:47:09.316+03:00  INFO 37658 --- [task3] [           main] d.m0anwar.task3.Task3ApplicationTests    : Started Task3ApplicationTests in 4.539 seconds (process running for 7.45)
]]></system-out>
    <system-err><![CDATA[Mockito is currently self-attaching to enable the inline-mock-maker. This will no longer work in future releases of the JDK. Please add Mockito as an agent to your build as described in Mockito's documentation: https://javadoc.io/doc/org.mockito/mockito-core/latest/org.mockito/org/mockito/Mockito.html#0.3
WARNING: A Java agent has been loaded dynamically (/home/mo-anwat/.m2/repository/net/bytebuddy/byte-buddy-agent/1.17.7/byte-buddy-agent-1.17.7.jar)
WARNING: If a serviceability tool is in use, please run with -XX:+EnableDynamicAgentLoading to hide this warning
WARNING: If a serviceability tool is not in use, please run with -Djdk.instrument.traceUsage for more information
WARNING: Dynamic loading of agents will be disallowed by default in a future release
]]></system-err>
  </testcase>
  <testcase name="testFindAll" classname="div.m0anwar.task3.Task3ApplicationTests" time="0.04">
    <failure message="expected: &lt;[div.m0anwar.task3.entity.Employee@67f116b1, div.m0anwar.task3.entity.Employee@fcd5cd52, div.m0anwar.task3.entity.Employee@91ba83f3]&gt; but was: &lt;[div.m0anwar.task3.entity.Employee@67f116b1, div.m0anwar.task3.entity.Employee@fcd5cd52, div.m0anwar.task3.entity.Employee@91ba83f3, div.m0anwar.task3.entity.Employee@269f3a94]&gt;" type="org.opentest4j.AssertionFailedError"><![CDATA[org.opentest4j.AssertionFailedError: expected: <[div.m0anwar.task3.entity.Employee@67f116b1, div.m0anwar.task3.entity.Employee@fcd5cd52, div.m0anwar.task3.entity.Employee@91ba83f3]> but was: <[div.m0anwar.task3.entity.Employee@67f116b1, div.m0anwar.task3.entity.Employee@fcd5cd52, div.m0anwar.task3.entity.Employee@91ba83f3, div.m0anwar.task3.entity.Employee@269f3a94]>
	at org.junit.jupiter.api.AssertionFailureBuilder.build(AssertionFailureBuilder.java:151)
	at org.junit.jupiter.api.AssertionFailureBuilder.buildAndThrow(AssertionFailureBuilder.java:132)
	at org.junit.jupiter.api.AssertEquals.failNotEqual(AssertEquals.java:197)
	at org.junit.jupiter.api.AssertEquals.assertEquals(AssertEquals.java:182)
	at org.junit.jupiter.api.AssertEquals.assertEquals(AssertEquals.java:177)
	at org.junit.jupiter.api.Assertions.assertEquals(Assertions.java:1145)
	at div.m0anwar.task3.Task3ApplicationTests.testFindAll(Task3ApplicationTests.java:51)
	at java.base/java.lang.reflect.Method.invoke(Method.java:580)
	at java.base/java.util.ArrayList.forEach(ArrayList.java:1596)
	at java.base/java.util.ArrayList.forEach(ArrayList.java:1596)
]]></failure>
  </testcase>
  <testcase name="testFindEmployeeUsingId" classname="div.m0anwar.task3.Task3ApplicationTests" time="0.017"/>
  <testcase name="testAddEmployee" classname="div.m0anwar.task3.Task3ApplicationTests" time="0.017"/>
  <testcase name="testFindEmployeeWithInvalidId" classname="div.m0anwar.task3.Task3ApplicationTests" time="0.016"/>
  <testcase name="testDeleteEmployeeWithInvalidId" classname="div.m0anwar.task3.Task3ApplicationTests" time="0.015"/>
</testsuite>